warning: /Users/saranshbarua/Library/org.swift.swiftpm/configuration is not accessible or not writable, disabling user-level cache features.
warning: /Users/saranshbarua/Library/org.swift.swiftpm/security is not accessible or not writable, disabling user-level cache features.
warning: /Users/saranshbarua/Library/Caches/org.swift.swiftpm is not accessible or not writable, disabling user-level cache features.
error: 'pomodoro': Invalid manifest (compiled with: ["/Applications/Xcode.app/Contents/Developer/Toolchains/XcodeDefault.xctoolchain/usr/bin/swiftc", "-vfsoverlay", "/var/folders/gz/wcyxzbkd4jq2_zp5y3g9fj6c0000gn/T/TemporaryDirectory.aiDFV6/vfs.yaml", "-L", "/Applications/Xcode.app/Contents/Developer/Toolchains/XcodeDefault.xctoolchain/usr/lib/swift/pm/ManifestAPI", "-lPackageDescription", "-Xlinker", "-rpath", "-Xlinker", "/Applications/Xcode.app/Contents/Developer/Toolchains/XcodeDefault.xctoolchain/usr/lib/swift/pm/ManifestAPI", "-target", "arm64-apple-macosx14.0", "-plugin-path", "/Applications/Xcode.app/Contents/Developer/Toolchains/XcodeDefault.xctoolchain/usr/lib/swift/host/plugins/testing", "-sdk", "/Applications/Xcode.app/Contents/Developer/Platforms/MacOSX.platform/Developer/SDKs/MacOSX26.2.sdk", "-F", "/Applications/Xcode.app/Contents/Developer/Platforms/MacOSX.platform/Developer/Library/Frameworks", "-F", "/Applications/Xcode.app/Contents/Developer/Platforms/MacOSX.platform/Developer/Library/PrivateFrameworks", "-I", "/Applications/Xcode.app/Contents/Developer/Platforms/MacOSX.platform/Developer/usr/lib", "-L", "/Applications/Xcode.app/Contents/Developer/Platforms/MacOSX.platform/Developer/usr/lib", "-swift-version", "5", "-I", "/Applications/Xcode.app/Contents/Developer/Toolchains/XcodeDefault.xctoolchain/usr/lib/swift/pm/ManifestAPI", "-sdk", "/Applications/Xcode.app/Contents/Developer/Platforms/MacOSX.platform/Developer/SDKs/MacOSX26.2.sdk", "-package-description-version", "5.9.0", "/Users/saranshbarua/Code/pomodoro/macos/Pomodoro/Package.swift", "-o", "/var/folders/gz/wcyxzbkd4jq2_zp5y3g9fj6c0000gn/T/TemporaryDirectory.N3fR6x/pomodoro-manifest"])
<unknown>:0: error: error opening '/Users/saranshbarua/.cache/clang/ModuleCache/Swift-3FSBVKQ1SWBCU.swiftmodule' for output: /Users/saranshbarua/.cache/clang/ModuleCache: Operation not permitted
<unknown>:0: error: unable to load standard library for target 'arm64-apple-macosx14.0'
